50 50 1 1
11111111111111111111111111111111111111111111111111
00000000000000000000000000000000000000000000000001
11111111111111111111111111111111111111111111111111
10000000000000000000000000000000000000000000000000
11111111111111111111111111111111111111111111111111
00000000000000000000000000000000000000000000000001
11111111111111111111111111111111111111111111111111
10000000000000000000000000000000000000000000000000
11111111111111111111111111111111111111111111111111
00000000000000000000000000000000000000000000000001
11111111111111111111111111111111111111111111111111
10000000000000000000000000000000000000000000000000
11111111111111111111111111111111111111111111111111
00000000000000000000000000000000000000000000000001
11111111111111111111111111111111111111111111111111
10000000000000000000000000000000000000000000000000
11111111111111111111111111111111111111111111111111
00000000000000000000000000000000000000000000000001
11111111111111111111111111111111111111111111111111
10000000000000000000000000000000000000000000000000
11111111111111111111111111111111111111111111111111
00000000000000000000000000000000000000000000000001
11111111111111111111111111111111111111111111111111
10000000000000000000000000000000000000000000000000
11111111111111111111111111111111111111111111111111
00000000000000000000000000000000000000000000000001
11111111111111111111111111111111111111111111111111
10000000000000000000000000000000000000000000000000
11111111111111111111111111111111111111111111111111
00000000000000000000000000000000000000000000000001
11111111111111111111111111111111111111111111111111
10000000000000000000000000000000000000000000000000
11111111111111111111111111111111111111111111111111
00000000000000000000000000000000000000000000000001
11111111111111111111111111111111111111111111111111
10000000000000000000000000000000000000000000000000
11111111111111111111111111111111111111111111111111
00000000000000000000000000000000000000000000000001
11111111111111111111111111111111111111111111111111
10000000000000000000000000000000000000000000000000
11111111111111111111111111111111111111111111111111
00000000000000000000000000000000000000000000000001
11111111111111111111111111111111111111111111111111
10000000000000000000000000000000000000000000000000
11111111111111111111111111111111111111111111111111
00000000000000000000000000000000000000000000000001
11111111111111111111111111111111111111111111111111
10000000000000000000000000000000000000000000000000
11111111111111111111111111111111111111111111111111
00000000000000000000000000000000000000000000000001
